<?xml version="1.0" encoding="UTF-8"?>
<!-- Generated by org.testng.reporters.JUnitXMLReporter -->
<testsuite hostname="ABACUS" name="FirstRun" tests="8" failures="0" timestamp="4 Jun 2019 02:15:20 GMT" time="169.539" errors="0">
  <testcase name="verifyTitleBefore" time="0.072" classname="vishal.amaze.qa.testcases.HomepagebeforeLoginTest"/>
  <testcase name="justLogin" time="6.263" classname="vishal.amaze.qa.testcases.LoginPageTest"/>
  <testcase name="InyouraccountPage" time="1.628" classname="vishal.amaze.qa.testcases.HomepageafterLoginTest"/>
  <testcase name="click_Amzn_Pay_bal" time="1.685" classname="vishal.amaze.qa.testcases.YourAccountTest"/>
  <testcase name="click_Log_Securty" time="1.109" classname="vishal.amaze.qa.testcases.YourAccountTest"/>
  <testcase name="click_Paymnt_Opt" time="1.397" classname="vishal.amaze.qa.testcases.YourAccountTest"/>
  <testcase name="click_yourAdd" time="0.861" classname="vishal.amaze.qa.testcases.YourAccountTest"/>
  <testcase name="click_yourOder" time="0.9" classname="vishal.amaze.qa.testcases.YourAccountTest"/>
</testsuite> <!-- FirstRun -->
