<?xml version="1.0" encoding="UTF-8"?>
<!-- Generated by org.testng.reporters.JUnitXMLReporter -->
<testsuite hostname="ABACUS" name="Default test" tests="3" failures="0" timestamp="17 Jun 2019 19:06:15 GMT" time="46.595" errors="0">
  <testcase name="generate_AddAddress" time="8.124" classname="vishal.amaze.qa.testcases.YourAddressTest"/>
  <testcase name="generate_AddAddress" time="8.655" classname="vishal.amaze.qa.testcases.YourAddressTest"/>
  <testcase name="generate_AddAddress" time="9.404" classname="vishal.amaze.qa.testcases.YourAddressTest"/>
</testsuite> <!-- Default test -->
