<?xml version="1.0" encoding="UTF-8"?>
<!-- Generated by org.testng.reporters.JUnitXMLReporter -->
<testsuite hostname="ABACUS" name="Default test" tests="3" failures="0" timestamp="16 Jun 2019 19:20:54 GMT" time="115.805" errors="0">
  <testcase name="generate_AddAddress" time="8.204" classname="vishal.amaze.qa.testcases.YourAddressTest"/>
  <testcase name="generate_AddAddress" time="9.995" classname="vishal.amaze.qa.testcases.YourAddressTest"/>
  <testcase name="generate_AddAddress" time="10.356" classname="vishal.amaze.qa.testcases.YourAddressTest"/>
</testsuite> <!-- Default test -->
