<?xml version="1.0" encoding="UTF-8"?>
<!-- Generated by org.testng.reporters.JUnitReportReporter -->
<testsuite hostname="ABACUS" name="vishal.amaze.qa.testcases.YourAccountTest" tests="5" failures="0" timestamp="4 Jun 2019 02:15:21 GMT" time="112.603" errors="0">
  <testcase name="click_Amzn_Pay_bal" time="22.727" classname="vishal.amaze.qa.testcases.YourAccountTest"/>
  <testcase name="click_yourAdd" time="22.903" classname="vishal.amaze.qa.testcases.YourAccountTest"/>
  <testcase name="click_Log_Securty" time="22.582" classname="vishal.amaze.qa.testcases.YourAccountTest"/>
  <testcase name="click_yourOder" time="22.000" classname="vishal.amaze.qa.testcases.YourAccountTest"/>
  <testcase name="click_Paymnt_Opt" time="22.391" classname="vishal.amaze.qa.testcases.YourAccountTest"/>
</testsuite> <!-- vishal.amaze.qa.testcases.YourAccountTest -->
