<?xml version="1.0" encoding="UTF-8"?>
<!-- Generated by org.testng.reporters.JUnitReportReporter -->
<testsuite hostname="ABACUS" name="vishal.amaze.qa.testcases.YourAddressTest" tests="3" failures="0" timestamp="7 Jul 2019 08:17:14 GMT" time="32.386" errors="0">
  <testcase name="generate_AddAddress" time="9.528" classname="vishal.amaze.qa.testcases.YourAddressTest"/>
  <testcase name="generate_AddAddress" time="12.219" classname="vishal.amaze.qa.testcases.YourAddressTest"/>
  <testcase name="generate_AddAddress" time="10.639" classname="vishal.amaze.qa.testcases.YourAddressTest"/>
</testsuite> <!-- vishal.amaze.qa.testcases.YourAddressTest -->
